
   FAIL  Tests\Feature\PointSystemTest
  â¨¯ award points calculates correctly                                    0.49s
  â¨¯ award points decay logic                                             0.02s
  â¨¯ daily reset logic                                                    0.01s
  â”€â”€â”€â”€â”€â”€â”€â”€â”€â”€â”€â”€â”€â”€â”€â”€â”€â”€â”€â”€â”€â”€â”€â”€â”€â”€â”€â”€â”€â”€â”€â”€â”€â”€â”€â”€â”€â”€â”€â”€â”€â”€â”€â”€â”€â”€â”€â”€â”€â”€â”€â”€â”€â”€â”€â”€â”€â”€â”€â”€â”€â”€â”€â”€â”€â”€â”€â”€â”€â”€â”€â”€â”€â”€â”€â”€
   FAILED  Tests\Feature\PointSystemTest > award poiâ€¦  MissingAppKeyException
  No application encryption key has been specified.

  at vendor/laravel/framework/src/Illuminate/Encryption/EncryptionServiceProvider.php:83
     79â–•     protected function key(array $config)
     80â–•     {
     81â–•         return tap($config['key'], function ($key) {
     82â–•             if (empty($key)) {
  âžœ  83â–•                 throw new MissingAppKeyException;
     84â–•             }
     85â–•         });
     86â–•     }
     87â–• }

      [2m+19 vendor frames [22m
  20  tests/Feature/PointSystemTest.php:20

  â”€â”€â”€â”€â”€â”€â”€â”€â”€â”€â”€â”€â”€â”€â”€â”€â”€â”€â”€â”€â”€â”€â”€â”€â”€â”€â”€â”€â”€â”€â”€â”€â”€â”€â”€â”€â”€â”€â”€â”€â”€â”€â”€â”€â”€â”€â”€â”€â”€â”€â”€â”€â”€â”€â”€â”€â”€â”€â”€â”€â”€â”€â”€â”€â”€â”€â”€â”€â”€â”€â”€â”€â”€â”€â”€â”€
   FAILED  Tests\Feature\PointSystemTest > award poiâ€¦  MissingAppKeyException
  No application encryption key has been specified.

  at vendor/laravel/framework/src/Illuminate/Encryption/EncryptionServiceProvider.php:83
     79â–•     protected function key(array $config)
     80â–•     {
     81â–•         return tap($config['key'], function ($key) {
     82â–•             if (empty($key)) {
  âžœ  83â–•                 throw new MissingAppKeyException;
     84â–•             }
     85â–•         });
     86â–•     }
     87â–• }

      [2m+19 vendor frames [22m
  20  tests/Feature/PointSystemTest.php:51

  â”€â”€â”€â”€â”€â”€â”€â”€â”€â”€â”€â”€â”€â”€â”€â”€â”€â”€â”€â”€â”€â”€â”€â”€â”€â”€â”€â”€â”€â”€â”€â”€â”€â”€â”€â”€â”€â”€â”€â”€â”€â”€â”€â”€â”€â”€â”€â”€â”€â”€â”€â”€â”€â”€â”€â”€â”€â”€â”€â”€â”€â”€â”€â”€â”€â”€â”€â”€â”€â”€â”€â”€â”€â”€â”€â”€
   FAILED  Tests\Feature\PointSystemTest > daily resâ€¦  MissingAppKeyException
  No application encryption key has been specified.

  at vendor/laravel/framework/src/Illuminate/Encryption/EncryptionServiceProvider.php:83
     79â–•     protected function key(array $config)
     80â–•     {
     81â–•         return tap($config['key'], function ($key) {
     82â–•             if (empty($key)) {
  âžœ  83â–•                 throw new MissingAppKeyException;
     84â–•             }
     85â–•         });
     86â–•     }
     87â–• }

      [2m+19 vendor frames [22m
  20  tests/Feature/PointSystemTest.php:81


  Tests:    3 failed (0 assertions)
  Duration: 0.60s
